2026-05-13 01:06:36.223 [Thread-0] INFO  com.mycompany.utils.KetNoiCSDL - Đang đóng tất cả database connections...
2026-05-13 01:06:36.340 [Thread-0] INFO  com.mycompany.utils.KetNoiCSDL - ✅ Đã giải phóng toàn bộ tài nguyên Database.
2026-05-13 11:56:35.630 [main] DEBUG com.mycompany.utils.KetNoiCSDL - ✅ Đã đăng ký Shutdown Hook.
2026-05-13 11:56:36.025 [main] DEBUG com.mycompany.utils.KetNoiCSDL - ✅ Đã cài đặt PRAGMA và tắt AutoCommit cho Connection
2026-05-13 11:56:36.033 [main] DEBUG com.mycompany.utils.KetNoiCSDL - ℹ️ Cột salt đã tồn tại.
2026-05-13 11:56:36.034 [main] INFO  com.mycompany.utils.KetNoiCSDL - ✅ Khởi tạo Database thành công.
2026-05-13 11:56:36.046 [main] INFO  c.m.utils.KhoLuuTruNguoiDungSQLite - 🔄 Bắt đầu migrate mật khẩu plain text...
2026-05-13 11:56:36.054 [main] DEBUG com.mycompany.utils.KetNoiCSDL - ✅ Đã cài đặt PRAGMA và tắt AutoCommit cho Connection
2026-05-13 11:56:36.058 [main] INFO  c.m.utils.KhoLuuTruNguoiDungSQLite - 🎉 Hoàn thành migrate 0 users
2026-05-13 11:56:37.139 [pool-2-thread-1] DEBUG com.mycompany.utils.KetNoiCSDL - ✅ Đã cài đặt PRAGMA và tắt AutoCommit cho Connection
2026-05-13 11:56:37.150 [pool-2-thread-1] INFO  c.m.utils.KhoLuuTruNguoiDungSQLite -  INSERT thành công, số dòng ảnh hưởng: 1
2026-05-13 11:56:37.155 [pool-2-thread-1] INFO  c.m.utils.KhoLuuTruNguoiDungSQLite - COMMIT thành công cho user: PPTT000006
2026-05-13 11:56:37.240 [pool-2-thread-3] DEBUG com.mycompany.utils.KetNoiCSDL - ✅ Đã cài đặt PRAGMA và tắt AutoCommit cho Connection
2026-05-13 11:56:37.281 [pool-2-thread-1] INFO  c.m.utils.KhoLuuTruNguoiDungSQLite -  Tìm thấy user với email: test_1778648195008@gmail.com
2026-05-13 11:56:37.282 [pool-2-thread-1] INFO  c.m.utils.KhoLuuTruNguoiDungSQLite -  Password hash trong DB: zvlSh/g4Ww4U6TqeOundw1Jx1IGW17UlcVNkPbnHQdA=
2026-05-13 11:56:37.282 [pool-2-thread-1] INFO  c.m.utils.KhoLuuTruNguoiDungSQLite -  Salt trong DB: tWgRnZBubu+kI4DaoFR1qQ==
2026-05-13 11:56:37.282 [pool-2-thread-1] INFO  c.m.utils.KhoLuuTruNguoiDungSQLite -  Password nhập vào: Test@1234
2026-05-13 11:56:37.297 [pool-2-thread-2] DEBUG com.mycompany.utils.KetNoiCSDL - ✅ Đã cài đặt PRAGMA và tắt AutoCommit cho Connection
2026-05-13 11:56:37.298 [pool-2-thread-2] INFO  c.m.utils.KhoLuuTruNguoiDungSQLite -  Tìm thấy user với email: test_1778648195008@gmail.com
2026-05-13 11:56:37.298 [pool-2-thread-2] INFO  c.m.utils.KhoLuuTruNguoiDungSQLite -  Password hash trong DB: zvlSh/g4Ww4U6TqeOundw1Jx1IGW17UlcVNkPbnHQdA=
2026-05-13 11:56:37.298 [pool-2-thread-2] INFO  c.m.utils.KhoLuuTruNguoiDungSQLite -  Salt trong DB: tWgRnZBubu+kI4DaoFR1qQ==
2026-05-13 11:56:37.298 [pool-2-thread-2] INFO  c.m.utils.KhoLuuTruNguoiDungSQLite -  Password nhập vào: SaiMatKhau@999
2026-05-13 11:56:37.313 [pool-2-thread-5] DEBUG com.mycompany.utils.KetNoiCSDL - ✅ Đã cài đặt PRAGMA và tắt AutoCommit cho Connection
2026-05-13 11:56:37.314 [pool-2-thread-5] INFO  c.m.utils.KhoLuuTruNguoiDungSQLite -  Không tìm thấy user với email: khongtontai_xyz@gmail.com
2026-05-13 11:56:37.425 [Thread-17] INFO  com.mycompany.utils.KetNoiCSDL - Đang đóng tất cả database connections...
2026-05-13 11:56:37.434 [Thread-17] INFO  com.mycompany.utils.KetNoiCSDL - ✅ Đã giải phóng toàn bộ tài nguyên Database.
2026-05-13 12:01:23.883 [main] DEBUG com.mycompany.utils.KetNoiCSDL - ✅ Đã đăng ký Shutdown Hook.
2026-05-13 12:01:24.311 [main] DEBUG com.mycompany.utils.KetNoiCSDL - ✅ Đã cài đặt PRAGMA và tắt AutoCommit cho Connection
2026-05-13 12:01:24.319 [main] DEBUG com.mycompany.utils.KetNoiCSDL - ℹ️ Cột salt đã tồn tại.
2026-05-13 12:01:24.323 [main] INFO  com.mycompany.utils.KetNoiCSDL - ✅ Khởi tạo Database thành công.
2026-05-13 12:01:24.336 [main] INFO  c.m.utils.KhoLuuTruNguoiDungSQLite - 🔄 Bắt đầu migrate mật khẩu plain text...
2026-05-13 12:01:24.344 [main] DEBUG com.mycompany.utils.KetNoiCSDL - ✅ Đã cài đặt PRAGMA và tắt AutoCommit cho Connection
2026-05-13 12:01:24.352 [main] INFO  c.m.utils.KhoLuuTruNguoiDungSQLite - 🎉 Hoàn thành migrate 0 users
2026-05-13 12:01:25.401 [pool-2-thread-1] DEBUG com.mycompany.utils.KetNoiCSDL - ✅ Đã cài đặt PRAGMA và tắt AutoCommit cho Connection
2026-05-13 12:01:25.415 [pool-2-thread-1] INFO  c.m.utils.KhoLuuTruNguoiDungSQLite -  INSERT thành công, số dòng ảnh hưởng: 1
2026-05-13 12:01:25.433 [pool-2-thread-1] INFO  c.m.utils.KhoLuuTruNguoiDungSQLite - COMMIT thành công cho user: PPTT000007
2026-05-13 12:01:25.494 [pool-2-thread-3] DEBUG com.mycompany.utils.KetNoiCSDL - ✅ Đã cài đặt PRAGMA và tắt AutoCommit cho Connection
2026-05-13 12:01:25.522 [pool-2-thread-1] INFO  c.m.utils.KhoLuuTruNguoiDungSQLite -  Tìm thấy user với email: test_1778648483343@gmail.com
2026-05-13 12:01:25.522 [pool-2-thread-1] INFO  c.m.utils.KhoLuuTruNguoiDungSQLite -  Password hash trong DB: V/TVsq11HG2t7VyKvRoRFbhEnY3Qh9kqJFbjELkr9JQ=
2026-05-13 12:01:25.522 [pool-2-thread-1] INFO  c.m.utils.KhoLuuTruNguoiDungSQLite -  Salt trong DB: WaoaU6tBS7RJC05sAnIx0w==
2026-05-13 12:01:25.522 [pool-2-thread-1] INFO  c.m.utils.KhoLuuTruNguoiDungSQLite -  Password nhập vào: Test@1234
2026-05-13 12:01:25.531 [pool-2-thread-3] INFO  c.m.utils.KhoLuuTruNguoiDungSQLite -  Tìm thấy user với email: test_1778648483343@gmail.com
2026-05-13 12:01:25.532 [pool-2-thread-3] INFO  c.m.utils.KhoLuuTruNguoiDungSQLite -  Password hash trong DB: V/TVsq11HG2t7VyKvRoRFbhEnY3Qh9kqJFbjELkr9JQ=
2026-05-13 12:01:25.532 [pool-2-thread-3] INFO  c.m.utils.KhoLuuTruNguoiDungSQLite -  Salt trong DB: WaoaU6tBS7RJC05sAnIx0w==
2026-05-13 12:01:25.532 [pool-2-thread-3] INFO  c.m.utils.KhoLuuTruNguoiDungSQLite -  Password nhập vào: SaiMatKhau@999
2026-05-13 12:01:25.546 [pool-2-thread-5] DEBUG com.mycompany.utils.KetNoiCSDL - ✅ Đã cài đặt PRAGMA và tắt AutoCommit cho Connection
2026-05-13 12:01:25.547 [pool-2-thread-5] INFO  c.m.utils.KhoLuuTruNguoiDungSQLite -  Không tìm thấy user với email: khongtontai_xyz@gmail.com
2026-05-13 12:01:25.648 [Thread-17] INFO  com.mycompany.utils.KetNoiCSDL - Đang đóng tất cả database connections...
2026-05-13 12:01:25.658 [Thread-17] INFO  com.mycompany.utils.KetNoiCSDL - ✅ Đã giải phóng toàn bộ tài nguyên Database.
